<?xml version="1.0" encoding="UTF-8"?>
<testsuite name="com.wigoai.nlp.example.CreateJsonTest" tests="1" skipped="0" failures="1" errors="0" timestamp="2020-10-05T06:24:49" hostname="DESKTOP-9CTF7I2" time="0.24">
  <properties/>
  <testcase name="createJsonTestByTestWorks" classname="com.wigoai.nlp.example.CreateJsonTest" time="0.24">
    <failure message="java.lang.NoClassDefFoundError: com/zaxxer/hikari/HikariConfig" type="java.lang.NoClassDefFoundError">java.lang.NoClassDefFoundError: com/zaxxer/hikari/HikariConfig
	at org.moara.common.data.database.jdbc.connection.ApplicationConnectionPool.setDataSource(ApplicationConnectionPool.java:205)
	at org.moara.common.data.database.jdbc.connection.ApplicationConnectionPool.setConfigConnectionInfo(ApplicationConnectionPool.java:193)
	at org.moara.common.data.database.jdbc.connection.ApplicationConnectionPool.configBuild(ApplicationConnectionPool.java:57)
	at org.moara.common.data.database.jdbc.connection.ApplicationConnectionPool$Singleton.&lt;clinit&gt;(ApplicationConnectionPool.java:35)
	at org.moara.common.data.database.jdbc.connection.ApplicationConnectionPool.getInstance(ApplicationConnectionPool.java:43)
	at org.moara.common.data.database.jdbc.JDBCVoUtil.getResultList(JDBCVoUtil.java:132)
	at org.moara.common.data.database.jdbc.JDBCVoUtil.getResultList(JDBCVoUtil.java:58)
	at org.moara.category.jdbc.CategoryDaoImpl.getCategoryVoList(CategoryDaoImpl.java:35)
	at org.moara.category.CategoryDataManagement.init(CategoryDataManagement.java:87)
	at org.moara.category.CategoryDataManagement.&lt;init&gt;(CategoryDataManagement.java:60)
	at org.moara.category.CategoryDictionary.init(CategoryDictionary.java:114)
	at org.moara.category.CategoryDictionary.&lt;init&gt;(CategoryDictionary.java:99)
	at org.moara.category.CategoryDictionary.&lt;init&gt;(CategoryDictionary.java:35)
	at org.moara.category.CategoryDictionary$Singleton.&lt;clinit&gt;(CategoryDictionary.java:43)
	at org.moara.category.CategoryDictionary.getInstance(CategoryDictionary.java:53)
	at org.moara.ara.datamining.textmining.dictionary.sentence.attribute.SenAttributeAssign.&lt;init&gt;(SenAttributeAssign.java:48)
	at org.moara.ara.datamining.textmining.dictionary.sentence.SentenceDictionary.&lt;init&gt;(SentenceDictionary.java:95)
	at org.moara.ara.datamining.textmining.dictionary.sentence.SentenceDictionary.&lt;init&gt;(SentenceDictionary.java:32)
	at org.moara.ara.datamining.textmining.dictionary.sentence.SentenceDictionary$Singleton.newSentenceDictionary(SentenceDictionary.java:38)
	at org.moara.ara.datamining.textmining.dictionary.sentence.SentenceDictionary$Singleton.&lt;clinit&gt;(SentenceDictionary.java:35)
	at org.moara.ara.datamining.textmining.dictionary.sentence.SentenceDictionary.getInstance(SentenceDictionary.java:54)
	at com.wigoai.nlp.example.CreateJsonTest.createJsonTestByTestWorks(CreateJsonTest.java:18)
	at sun.reflect.NativeMethodAccessorImpl.invoke0(Native Method)
	at sun.reflect.NativeMethodAccessorImpl.invoke(NativeMethodAccessorImpl.java:62)
	at sun.reflect.DelegatingMethodAccessorImpl.invoke(DelegatingMethodAccessorImpl.java:43)
	at java.lang.reflect.Method.invoke(Method.java:498)
	at org.junit.runners.model.FrameworkMethod$1.runReflectiveCall(FrameworkMethod.java:50)
	at org.junit.internal.runners.model.ReflectiveCallable.run(ReflectiveCallable.java:12)
	at org.junit.runners.model.FrameworkMethod.invokeExplosively(FrameworkMethod.java:47)
	at org.junit.internal.runners.statements.InvokeMethod.evaluate(InvokeMethod.java:17)
	at org.junit.runners.ParentRunner.runLeaf(ParentRunner.java:325)
	at org.junit.runners.BlockJUnit4ClassRunner.runChild(BlockJUnit4ClassRunner.java:78)
	at org.junit.runners.BlockJUnit4ClassRunner.runChild(BlockJUnit4ClassRunner.java:57)
	at org.junit.runners.ParentRunner$3.run(ParentRunner.java:290)
	at org.junit.runners.ParentRunner$1.schedule(ParentRunner.java:71)
	at org.junit.runners.ParentRunner.runChildren(ParentRunner.java:288)
	at org.junit.runners.ParentRunner.access$000(ParentRunner.java:58)
	at org.junit.runners.ParentRunner$2.evaluate(ParentRunner.java:268)
	at org.junit.runners.ParentRunner.run(ParentRunner.java:363)
	at org.gradle.api.internal.tasks.testing.junit.JUnitTestClassExecutor.runTestClass(JUnitTestClassExecutor.java:110)
	at org.gradle.api.internal.tasks.testing.junit.JUnitTestClassExecutor.execute(JUnitTestClassExecutor.java:58)
	at org.gradle.api.internal.tasks.testing.junit.JUnitTestClassExecutor.execute(JUnitTestClassExecutor.java:38)
	at org.gradle.api.internal.tasks.testing.junit.AbstractJUnitTestClassProcessor.processTestClass(AbstractJUnitTestClassProcessor.java:62)
	at org.gradle.api.internal.tasks.testing.SuiteTestClassProcessor.processTestClass(SuiteTestClassProcessor.java:51)
	at sun.reflect.NativeMethodAccessorImpl.invoke0(Native Method)
	at sun.reflect.NativeMethodAccessorImpl.invoke(NativeMethodAccessorImpl.java:62)
	at sun.reflect.DelegatingMethodAccessorImpl.invoke(DelegatingMethodAccessorImpl.java:43)
	at java.lang.reflect.Method.invoke(Method.java:498)
	at org.gradle.internal.dispatch.ReflectionDispatch.dispatch(ReflectionDispatch.java:36)
	at org.gradle.internal.dispatch.ReflectionDispatch.dispatch(ReflectionDispatch.java:24)
	at org.gradle.internal.dispatch.ContextClassLoaderDispatch.dispatch(ContextClassLoaderDispatch.java:33)
	at org.gradle.internal.dispatch.ProxyDispatchAdapter$DispatchingInvocationHandler.invoke(ProxyDispatchAdapter.java:94)
	at com.sun.proxy.$Proxy2.processTestClass(Unknown Source)
	at org.gradle.api.internal.tasks.testing.worker.TestWorker.processTestClass(TestWorker.java:118)
	at sun.reflect.NativeMethodAccessorImpl.invoke0(Native Method)
	at sun.reflect.NativeMethodAccessorImpl.invoke(NativeMethodAccessorImpl.java:62)
	at sun.reflect.DelegatingMethodAccessorImpl.invoke(DelegatingMethodAccessorImpl.java:43)
	at java.lang.reflect.Method.invoke(Method.java:498)
	at org.gradle.internal.dispatch.ReflectionDispatch.dispatch(ReflectionDispatch.java:36)
	at org.gradle.internal.dispatch.ReflectionDispatch.dispatch(ReflectionDispatch.java:24)
	at org.gradle.internal.remote.internal.hub.MessageHubBackedObjectConnection$DispatchWrapper.dispatch(MessageHubBackedObjectConnection.java:182)
	at org.gradle.internal.remote.internal.hub.MessageHubBackedObjectConnection$DispatchWrapper.dispatch(MessageHubBackedObjectConnection.java:164)
	at org.gradle.internal.remote.internal.hub.MessageHub$Handler.run(MessageHub.java:412)
	at org.gradle.internal.concurrent.ExecutorPolicy$CatchAndRecordFailures.onExecute(ExecutorPolicy.java:64)
	at org.gradle.internal.concurrent.ManagedExecutorImpl$1.run(ManagedExecutorImpl.java:48)
	at java.util.concurrent.ThreadPoolExecutor.runWorker(ThreadPoolExecutor.java:1149)
	at java.util.concurrent.ThreadPoolExecutor$Worker.run(ThreadPoolExecutor.java:624)
	at org.gradle.internal.concurrent.ThreadFactoryImpl$ManagedThreadRunnable.run(ThreadFactoryImpl.java:56)
	at java.lang.Thread.run(Thread.java:748)
Caused by: java.lang.ClassNotFoundException: com.zaxxer.hikari.HikariConfig
	at java.net.URLClassLoader.findClass(URLClassLoader.java:382)
	at java.lang.ClassLoader.loadClass(ClassLoader.java:418)
	at sun.misc.Launcher$AppClassLoader.loadClass(Launcher.java:355)
	at java.lang.ClassLoader.loadClass(ClassLoader.java:351)
	... 69 more
</failure>
  </testcase>
  <system-out><![CDATA[15:24:50.010 [Test worker] DEBUG org.moara.common.config.Config - config path: config/config.xml
2020-10-05 15:24:50 [Test worker] DEBUG org.moara.common.config.Config - log path: C:\git\nia-data-build\config/logback.xml
2020-10-05 15:24:50 [Test worker] DEBUG org.moara.common.config.Config - config create 
null
2020-10-05 15:24:50 [Test worker] ERROR org.moara.category.CategoryDocument - Config Key Error : key(category.collect.level)
2020-10-05 15:24:50 [Test worker] ERROR org.moara.category.CategoryDocument - java.lang.NumberFormatException: null
	at java.lang.Integer.parseInt(Integer.java:542)
	at java.lang.Integer.parseInt(Integer.java:615)
	at org.moara.category.CategoryDocument.updateConfig(CategoryDocument.java:195)
	at org.moara.category.CategoryDocument.<init>(CategoryDocument.java:171)
	at org.moara.category.CategoryDictionary.init(CategoryDictionary.java:113)
	at org.moara.category.CategoryDictionary.<init>(CategoryDictionary.java:99)
	at org.moara.category.CategoryDictionary.<init>(CategoryDictionary.java:35)
	at org.moara.category.CategoryDictionary$Singleton.<clinit>(CategoryDictionary.java:43)
	at org.moara.category.CategoryDictionary.getInstance(CategoryDictionary.java:53)
	at org.moara.ara.datamining.textmining.dictionary.sentence.attribute.SenAttributeAssign.<init>(SenAttributeAssign.java:48)
	at org.moara.ara.datamining.textmining.dictionary.sentence.SentenceDictionary.<init>(SentenceDictionary.java:95)
	at org.moara.ara.datamining.textmining.dictionary.sentence.SentenceDictionary.<init>(SentenceDictionary.java:32)
	at org.moara.ara.datamining.textmining.dictionary.sentence.SentenceDictionary$Singleton.newSentenceDictionary(SentenceDictionary.java:38)
	at org.moara.ara.datamining.textmining.dictionary.sentence.SentenceDictionary$Singleton.<clinit>(SentenceDictionary.java:35)
	at org.moara.ara.datamining.textmining.dictionary.sentence.SentenceDictionary.getInstance(SentenceDictionary.java:54)
	at com.wigoai.nlp.example.CreateJsonTest.createJsonTestByTestWorks(CreateJsonTest.java:18)
	at sun.reflect.NativeMethodAccessorImpl.invoke0(Native Method)
	at sun.reflect.NativeMethodAccessorImpl.invoke(NativeMethodAccessorImpl.java:62)
	at sun.reflect.DelegatingMethodAccessorImpl.invoke(DelegatingMethodAccessorImpl.java:43)
	at java.lang.reflect.Method.invoke(Method.java:498)
	at org.junit.runners.model.FrameworkMethod$1.runReflectiveCall(FrameworkMethod.java:50)
	at org.junit.internal.runners.model.ReflectiveCallable.run(ReflectiveCallable.java:12)
	at org.junit.runners.model.FrameworkMethod.invokeExplosively(FrameworkMethod.java:47)
	at org.junit.internal.runners.statements.InvokeMethod.evaluate(InvokeMethod.java:17)
	at org.junit.runners.ParentRunner.runLeaf(ParentRunner.java:325)
	at org.junit.runners.BlockJUnit4ClassRunner.runChild(BlockJUnit4ClassRunner.java:78)
	at org.junit.runners.BlockJUnit4ClassRunner.runChild(BlockJUnit4ClassRunner.java:57)
	at org.junit.runners.ParentRunner$3.run(ParentRunner.java:290)
	at org.junit.runners.ParentRunner$1.schedule(ParentRunner.java:71)
	at org.junit.runners.ParentRunner.runChildren(ParentRunner.java:288)
	at org.junit.runners.ParentRunner.access$000(ParentRunner.java:58)
	at org.junit.runners.ParentRunner$2.evaluate(ParentRunner.java:268)
	at org.junit.runners.ParentRunner.run(ParentRunner.java:363)
	at org.gradle.api.internal.tasks.testing.junit.JUnitTestClassExecutor.runTestClass(JUnitTestClassExecutor.java:110)
	at org.gradle.api.internal.tasks.testing.junit.JUnitTestClassExecutor.execute(JUnitTestClassExecutor.java:58)
	at org.gradle.api.internal.tasks.testing.junit.JUnitTestClassExecutor.execute(JUnitTestClassExecutor.java:38)
	at org.gradle.api.internal.tasks.testing.junit.AbstractJUnitTestClassProcessor.processTestClass(AbstractJUnitTestClassProcessor.java:62)
	at org.gradle.api.internal.tasks.testing.SuiteTestClassProcessor.processTestClass(SuiteTestClassProcessor.java:51)
	at sun.reflect.NativeMethodAccessorImpl.invoke0(Native Method)
	at sun.reflect.NativeMethodAccessorImpl.invoke(NativeMethodAccessorImpl.java:62)
	at sun.reflect.DelegatingMethodAccessorImpl.invoke(DelegatingMethodAccessorImpl.java:43)
	at java.lang.reflect.Method.invoke(Method.java:498)
	at org.gradle.internal.dispatch.ReflectionDispatch.dispatch(ReflectionDispatch.java:36)
	at org.gradle.internal.dispatch.ReflectionDispatch.dispatch(ReflectionDispatch.java:24)
	at org.gradle.internal.dispatch.ContextClassLoaderDispatch.dispatch(ContextClassLoaderDispatch.java:33)
	at org.gradle.internal.dispatch.ProxyDispatchAdapter$DispatchingInvocationHandler.invoke(ProxyDispatchAdapter.java:94)
	at com.sun.proxy.$Proxy2.processTestClass(Unknown Source)
	at org.gradle.api.internal.tasks.testing.worker.TestWorker.processTestClass(TestWorker.java:118)
	at sun.reflect.NativeMethodAccessorImpl.invoke0(Native Method)
	at sun.reflect.NativeMethodAccessorImpl.invoke(NativeMethodAccessorImpl.java:62)
	at sun.reflect.DelegatingMethodAccessorImpl.invoke(DelegatingMethodAccessorImpl.java:43)
	at java.lang.reflect.Method.invoke(Method.java:498)
	at org.gradle.internal.dispatch.ReflectionDispatch.dispatch(ReflectionDispatch.java:36)
	at org.gradle.internal.dispatch.ReflectionDispatch.dispatch(ReflectionDispatch.java:24)
	at org.gradle.internal.remote.internal.hub.MessageHubBackedObjectConnection$DispatchWrapper.dispatch(MessageHubBackedObjectConnection.java:182)
	at org.gradle.internal.remote.internal.hub.MessageHubBackedObjectConnection$DispatchWrapper.dispatch(MessageHubBackedObjectConnection.java:164)
	at org.gradle.internal.remote.internal.hub.MessageHub$Handler.run(MessageHub.java:412)
	at org.gradle.internal.concurrent.ExecutorPolicy$CatchAndRecordFailures.onExecute(ExecutorPolicy.java:64)
	at org.gradle.internal.concurrent.ManagedExecutorImpl$1.run(ManagedExecutorImpl.java:48)
	at java.util.concurrent.ThreadPoolExecutor.runWorker(ThreadPoolExecutor.java:1149)
	at java.util.concurrent.ThreadPoolExecutor$Worker.run(ThreadPoolExecutor.java:624)
	at org.gradle.internal.concurrent.ThreadFactoryImpl$ManagedThreadRunnable.run(ThreadFactoryImpl.java:56)
	at java.lang.Thread.run(Thread.java:748)

2020-10-05 15:24:50 [Test worker] ERROR org.moara.category.CategoryDocument - Config Key Error : key(category.result.limit.count.type)
2020-10-05 15:24:50 [Test worker] ERROR org.moara.category.CategoryDocument - java.lang.NullPointerException
	at org.moara.category.CategoryDocument.updateConfig(CategoryDocument.java:203)
	at org.moara.category.CategoryDocument.<init>(CategoryDocument.java:171)
	at org.moara.category.CategoryDictionary.init(CategoryDictionary.java:113)
	at org.moara.category.CategoryDictionary.<init>(CategoryDictionary.java:99)
	at org.moara.category.CategoryDictionary.<init>(CategoryDictionary.java:35)
	at org.moara.category.CategoryDictionary$Singleton.<clinit>(CategoryDictionary.java:43)
	at org.moara.category.CategoryDictionary.getInstance(CategoryDictionary.java:53)
	at org.moara.ara.datamining.textmining.dictionary.sentence.attribute.SenAttributeAssign.<init>(SenAttributeAssign.java:48)
	at org.moara.ara.datamining.textmining.dictionary.sentence.SentenceDictionary.<init>(SentenceDictionary.java:95)
	at org.moara.ara.datamining.textmining.dictionary.sentence.SentenceDictionary.<init>(SentenceDictionary.java:32)
	at org.moara.ara.datamining.textmining.dictionary.sentence.SentenceDictionary$Singleton.newSentenceDictionary(SentenceDictionary.java:38)
	at org.moara.ara.datamining.textmining.dictionary.sentence.SentenceDictionary$Singleton.<clinit>(SentenceDictionary.java:35)
	at org.moara.ara.datamining.textmining.dictionary.sentence.SentenceDictionary.getInstance(SentenceDictionary.java:54)
	at com.wigoai.nlp.example.CreateJsonTest.createJsonTestByTestWorks(CreateJsonTest.java:18)
	at sun.reflect.NativeMethodAccessorImpl.invoke0(Native Method)
	at sun.reflect.NativeMethodAccessorImpl.invoke(NativeMethodAccessorImpl.java:62)
	at sun.reflect.DelegatingMethodAccessorImpl.invoke(DelegatingMethodAccessorImpl.java:43)
	at java.lang.reflect.Method.invoke(Method.java:498)
	at org.junit.runners.model.FrameworkMethod$1.runReflectiveCall(FrameworkMethod.java:50)
	at org.junit.internal.runners.model.ReflectiveCallable.run(ReflectiveCallable.java:12)
	at org.junit.runners.model.FrameworkMethod.invokeExplosively(FrameworkMethod.java:47)
	at org.junit.internal.runners.statements.InvokeMethod.evaluate(InvokeMethod.java:17)
	at org.junit.runners.ParentRunner.runLeaf(ParentRunner.java:325)
	at org.junit.runners.BlockJUnit4ClassRunner.runChild(BlockJUnit4ClassRunner.java:78)
	at org.junit.runners.BlockJUnit4ClassRunner.runChild(BlockJUnit4ClassRunner.java:57)
	at org.junit.runners.ParentRunner$3.run(ParentRunner.java:290)
	at org.junit.runners.ParentRunner$1.schedule(ParentRunner.java:71)
	at org.junit.runners.ParentRunner.runChildren(ParentRunner.java:288)
	at org.junit.runners.ParentRunner.access$000(ParentRunner.java:58)
	at org.junit.runners.ParentRunner$2.evaluate(ParentRunner.java:268)
	at org.junit.runners.ParentRunner.run(ParentRunner.java:363)
	at org.gradle.api.internal.tasks.testing.junit.JUnitTestClassExecutor.runTestClass(JUnitTestClassExecutor.java:110)
	at org.gradle.api.internal.tasks.testing.junit.JUnitTestClassExecutor.execute(JUnitTestClassExecutor.java:58)
	at org.gradle.api.internal.tasks.testing.junit.JUnitTestClassExecutor.execute(JUnitTestClassExecutor.java:38)
	at org.gradle.api.internal.tasks.testing.junit.AbstractJUnitTestClassProcessor.processTestClass(AbstractJUnitTestClassProcessor.java:62)
	at org.gradle.api.internal.tasks.testing.SuiteTestClassProcessor.processTestClass(SuiteTestClassProcessor.java:51)
	at sun.reflect.NativeMethodAccessorImpl.invoke0(Native Method)
	at sun.reflect.NativeMethodAccessorImpl.invoke(NativeMethodAccessorImpl.java:62)
	at sun.reflect.DelegatingMethodAccessorImpl.invoke(DelegatingMethodAccessorImpl.java:43)
	at java.lang.reflect.Method.invoke(Method.java:498)
	at org.gradle.internal.dispatch.ReflectionDispatch.dispatch(ReflectionDispatch.java:36)
	at org.gradle.internal.dispatch.ReflectionDispatch.dispatch(ReflectionDispatch.java:24)
	at org.gradle.internal.dispatch.ContextClassLoaderDispatch.dispatch(ContextClassLoaderDispatch.java:33)
	at org.gradle.internal.dispatch.ProxyDispatchAdapter$DispatchingInvocationHandler.invoke(ProxyDispatchAdapter.java:94)
	at com.sun.proxy.$Proxy2.processTestClass(Unknown Source)
	at org.gradle.api.internal.tasks.testing.worker.TestWorker.processTestClass(TestWorker.java:118)
	at sun.reflect.NativeMethodAccessorImpl.invoke0(Native Method)
	at sun.reflect.NativeMethodAccessorImpl.invoke(NativeMethodAccessorImpl.java:62)
	at sun.reflect.DelegatingMethodAccessorImpl.invoke(DelegatingMethodAccessorImpl.java:43)
	at java.lang.reflect.Method.invoke(Method.java:498)
	at org.gradle.internal.dispatch.ReflectionDispatch.dispatch(ReflectionDispatch.java:36)
	at org.gradle.internal.dispatch.ReflectionDispatch.dispatch(ReflectionDispatch.java:24)
	at org.gradle.internal.remote.internal.hub.MessageHubBackedObjectConnection$DispatchWrapper.dispatch(MessageHubBackedObjectConnection.java:182)
	at org.gradle.internal.remote.internal.hub.MessageHubBackedObjectConnection$DispatchWrapper.dispatch(MessageHubBackedObjectConnection.java:164)
	at org.gradle.internal.remote.internal.hub.MessageHub$Handler.run(MessageHub.java:412)
	at org.gradle.internal.concurrent.ExecutorPolicy$CatchAndRecordFailures.onExecute(ExecutorPolicy.java:64)
	at org.gradle.internal.concurrent.ManagedExecutorImpl$1.run(ManagedExecutorImpl.java:48)
	at java.util.concurrent.ThreadPoolExecutor.runWorker(ThreadPoolExecutor.java:1149)
	at java.util.concurrent.ThreadPoolExecutor$Worker.run(ThreadPoolExecutor.java:624)
	at org.gradle.internal.concurrent.ThreadFactoryImpl$ManagedThreadRunnable.run(ThreadFactoryImpl.java:56)
	at java.lang.Thread.run(Thread.java:748)

2020-10-05 15:24:50 [Test worker] ERROR org.moara.category.CategoryDocument - Config Key Error : key(category.result.limit.count)
2020-10-05 15:24:50 [Test worker] ERROR org.moara.category.CategoryDocument - java.lang.NumberFormatException: null
	at java.lang.Integer.parseInt(Integer.java:542)
	at java.lang.Integer.parseInt(Integer.java:615)
	at org.moara.category.CategoryDocument.updateConfig(CategoryDocument.java:229)
	at org.moara.category.CategoryDocument.<init>(CategoryDocument.java:171)
	at org.moara.category.CategoryDictionary.init(CategoryDictionary.java:113)
	at org.moara.category.CategoryDictionary.<init>(CategoryDictionary.java:99)
	at org.moara.category.CategoryDictionary.<init>(CategoryDictionary.java:35)
	at org.moara.category.CategoryDictionary$Singleton.<clinit>(CategoryDictionary.java:43)
	at org.moara.category.CategoryDictionary.getInstance(CategoryDictionary.java:53)
	at org.moara.ara.datamining.textmining.dictionary.sentence.attribute.SenAttributeAssign.<init>(SenAttributeAssign.java:48)
	at org.moara.ara.datamining.textmining.dictionary.sentence.SentenceDictionary.<init>(SentenceDictionary.java:95)
	at org.moara.ara.datamining.textmining.dictionary.sentence.SentenceDictionary.<init>(SentenceDictionary.java:32)
	at org.moara.ara.datamining.textmining.dictionary.sentence.SentenceDictionary$Singleton.newSentenceDictionary(SentenceDictionary.java:38)
	at org.moara.ara.datamining.textmining.dictionary.sentence.SentenceDictionary$Singleton.<clinit>(SentenceDictionary.java:35)
	at org.moara.ara.datamining.textmining.dictionary.sentence.SentenceDictionary.getInstance(SentenceDictionary.java:54)
	at com.wigoai.nlp.example.CreateJsonTest.createJsonTestByTestWorks(CreateJsonTest.java:18)
	at sun.reflect.NativeMethodAccessorImpl.invoke0(Native Method)
	at sun.reflect.NativeMethodAccessorImpl.invoke(NativeMethodAccessorImpl.java:62)
	at sun.reflect.DelegatingMethodAccessorImpl.invoke(DelegatingMethodAccessorImpl.java:43)
	at java.lang.reflect.Method.invoke(Method.java:498)
	at org.junit.runners.model.FrameworkMethod$1.runReflectiveCall(FrameworkMethod.java:50)
	at org.junit.internal.runners.model.ReflectiveCallable.run(ReflectiveCallable.java:12)
	at org.junit.runners.model.FrameworkMethod.invokeExplosively(FrameworkMethod.java:47)
	at org.junit.internal.runners.statements.InvokeMethod.evaluate(InvokeMethod.java:17)
	at org.junit.runners.ParentRunner.runLeaf(ParentRunner.java:325)
	at org.junit.runners.BlockJUnit4ClassRunner.runChild(BlockJUnit4ClassRunner.java:78)
	at org.junit.runners.BlockJUnit4ClassRunner.runChild(BlockJUnit4ClassRunner.java:57)
	at org.junit.runners.ParentRunner$3.run(ParentRunner.java:290)
	at org.junit.runners.ParentRunner$1.schedule(ParentRunner.java:71)
	at org.junit.runners.ParentRunner.runChildren(ParentRunner.java:288)
	at org.junit.runners.ParentRunner.access$000(ParentRunner.java:58)
	at org.junit.runners.ParentRunner$2.evaluate(ParentRunner.java:268)
	at org.junit.runners.ParentRunner.run(ParentRunner.java:363)
	at org.gradle.api.internal.tasks.testing.junit.JUnitTestClassExecutor.runTestClass(JUnitTestClassExecutor.java:110)
	at org.gradle.api.internal.tasks.testing.junit.JUnitTestClassExecutor.execute(JUnitTestClassExecutor.java:58)
	at org.gradle.api.internal.tasks.testing.junit.JUnitTestClassExecutor.execute(JUnitTestClassExecutor.java:38)
	at org.gradle.api.internal.tasks.testing.junit.AbstractJUnitTestClassProcessor.processTestClass(AbstractJUnitTestClassProcessor.java:62)
	at org.gradle.api.internal.tasks.testing.SuiteTestClassProcessor.processTestClass(SuiteTestClassProcessor.java:51)
	at sun.reflect.NativeMethodAccessorImpl.invoke0(Native Method)
	at sun.reflect.NativeMethodAccessorImpl.invoke(NativeMethodAccessorImpl.java:62)
	at sun.reflect.DelegatingMethodAccessorImpl.invoke(DelegatingMethodAccessorImpl.java:43)
	at java.lang.reflect.Method.invoke(Method.java:498)
	at org.gradle.internal.dispatch.ReflectionDispatch.dispatch(ReflectionDispatch.java:36)
	at org.gradle.internal.dispatch.ReflectionDispatch.dispatch(ReflectionDispatch.java:24)
	at org.gradle.internal.dispatch.ContextClassLoaderDispatch.dispatch(ContextClassLoaderDispatch.java:33)
	at org.gradle.internal.dispatch.ProxyDispatchAdapter$DispatchingInvocationHandler.invoke(ProxyDispatchAdapter.java:94)
	at com.sun.proxy.$Proxy2.processTestClass(Unknown Source)
	at org.gradle.api.internal.tasks.testing.worker.TestWorker.processTestClass(TestWorker.java:118)
	at sun.reflect.NativeMethodAccessorImpl.invoke0(Native Method)
	at sun.reflect.NativeMethodAccessorImpl.invoke(NativeMethodAccessorImpl.java:62)
	at sun.reflect.DelegatingMethodAccessorImpl.invoke(DelegatingMethodAccessorImpl.java:43)
	at java.lang.reflect.Method.invoke(Method.java:498)
	at org.gradle.internal.dispatch.ReflectionDispatch.dispatch(ReflectionDispatch.java:36)
	at org.gradle.internal.dispatch.ReflectionDispatch.dispatch(ReflectionDispatch.java:24)
	at org.gradle.internal.remote.internal.hub.MessageHubBackedObjectConnection$DispatchWrapper.dispatch(MessageHubBackedObjectConnection.java:182)
	at org.gradle.internal.remote.internal.hub.MessageHubBackedObjectConnection$DispatchWrapper.dispatch(MessageHubBackedObjectConnection.java:164)
	at org.gradle.internal.remote.internal.hub.MessageHub$Handler.run(MessageHub.java:412)
	at org.gradle.internal.concurrent.ExecutorPolicy$CatchAndRecordFailures.onExecute(ExecutorPolicy.java:64)
	at org.gradle.internal.concurrent.ManagedExecutorImpl$1.run(ManagedExecutorImpl.java:48)
	at java.util.concurrent.ThreadPoolExecutor.runWorker(ThreadPoolExecutor.java:1149)
	at java.util.concurrent.ThreadPoolExecutor$Worker.run(ThreadPoolExecutor.java:624)
	at org.gradle.internal.concurrent.ThreadFactoryImpl$ManagedThreadRunnable.run(ThreadFactoryImpl.java:56)
	at java.lang.Thread.run(Thread.java:748)

]]></system-out>
  <system-err><![CDATA[]]></system-err>
</testsuite>
